#
# There is insufficient memory for the Java Runtime Environment to continue.
# Native memory allocation (malloc) failed to allocate 32744 bytes for ChunkPool::allocate
# Possible reasons:
#   The system is out of physical RAM or swap space
#   The process is running with CompressedOops enabled, and the Java Heap may be blocking the growth of the native heap
# Possible solutions:
#   Reduce memory load on the system
#   Increase physical memory or swap space
#   Check if swap backing store is full
#   Decrease Java heap size (-Xmx/-Xms)
#   Decrease number of Java threads
#   Decrease Java thread stack sizes (-Xss)
#   Set larger code cache with -XX:ReservedCodeCacheSize=
#   JVM is running with Unscaled Compressed Oops mode in which the Java heap is
#     placed in the first 4GB address space. The Java Heap base address is the
#     maximum limit for the native heap growth. Please use -XX:HeapBaseMinAddress
#     to set the Java Heap base and to place the Java Heap above 4GB virtual address.
# This output file may be truncated or incomplete.
#
#  Out of Memory Error (arena.cpp:78), pid=22828, tid=28404
#
# JRE version: Java(TM) SE Runtime Environment (17.0.2+8) (build 17.0.2+8-LTS-86)
# Java VM: Java HotSpot(TM) 64-Bit Server VM (17.0.2+8-LTS-86, mixed mode, sharing, tiered, compressed oops, compressed class ptrs, g1 gc, windows-amd64)
# No core dump will be written. Minidumps are not enabled by default on client versions of Windows
#

---------------  S U M M A R Y ------------

Command Line: -Dfile.encoding=Cp1252 -XX:+ShowCodeDetailsInExceptionMessages proyecto.login

Host: Intel(R) Core(TM) i5-10200H CPU @ 2.40GHz, 8 cores, 7G,  Windows 11 , 64 bit Build 22000 (10.0.22000.675)
Time: Thu Jun  9 00:55:59 2022 Hora estándar, América Central elapsed time: 251.084635 seconds (0d 0h 4m 11s)

---------------  T H R E A D  ---------------

Current thread (0x00000220a53bf190):  JavaThread "C2 CompilerThread0" daemon [_thread_in_native, id=28404, stack(0x000000ca4f100000,0x000000ca4f200000)]


Current CompileTask:
C2: 251084 1289       4       java.util.concurrent.ConcurrentHashMap::casTabAt (21 bytes)

Stack: [0x000000ca4f100000,0x000000ca4f200000]
Native frames: (J=compiled Java code, j=interpreted, Vv=VM code, C=native code)
V  [jvm.dll+0x670baa]
V  [jvm.dll+0x7cfcb4]
V  [jvm.dll+0x7d145e]
V  [jvm.dll+0x7d1ac3]
V  [jvm.dll+0x242bc5]
V  [jvm.dll+0xaa7c0]
V  [jvm.dll+0xaab0c]
V  [jvm.dll+0x55b108]
V  [jvm.dll+0x32a360]
V  [jvm.dll+0x3297da]
V  [jvm.dll+0x215c91]
V  [jvm.dll+0x2150b1]
V  [jvm.dll+0x1a1bbd]
V  [jvm.dll+0x224908]
V  [jvm.dll+0x222a6c]
V  [jvm.dll+0x7859bb]
V  [jvm.dll+0x77ff7a]
V  [jvm.dll+0x66fa35]
C  [ucrtbase.dll+0x26c0c]
C  [KERNEL32.DLL+0x154e0]
C  [ntdll.dll+0x485b]


---------------  P R O C E S S  ---------------

Threads class SMR info:
_java_thread_list=0x00000220a707f050, length=17, elements={
0x00000220a5393100, 0x00000220a5394710, 0x00000220a53abb90, 0x00000220a53ac740,
0x00000220a53af8a0, 0x00000220a53baf70, 0x00000220a53bf190, 0x00000220a53c2360,
0x00000220a53ddf90, 0x00000220a609f230, 0x00000220a60a00a0, 0x00000220a609e3c0,
0x00000220a609f700, 0x00000220a60a0f10, 0x00000220a609fbd0, 0x00000220a60a1d80,
0x00000220a60a13e0
}

Java Threads: ( => current thread )
  0x00000220a5393100 JavaThread "Reference Handler" daemon [_thread_blocked, id=29596, stack(0x000000ca4eb00000,0x000000ca4ec00000)]
  0x00000220a5394710 JavaThread "Finalizer" daemon [_thread_blocked, id=29516, stack(0x000000ca4ec00000,0x000000ca4ed00000)]
  0x00000220a53abb90 JavaThread "Signal Dispatcher" daemon [_thread_blocked, id=30200, stack(0x000000ca4ed00000,0x000000ca4ee00000)]
  0x00000220a53ac740 JavaThread "Attach Listener" daemon [_thread_blocked, id=28688, stack(0x000000ca4ee00000,0x000000ca4ef00000)]
  0x00000220a53af8a0 JavaThread "Service Thread" daemon [_thread_blocked, id=21068, stack(0x000000ca4ef00000,0x000000ca4f000000)]
  0x00000220a53baf70 JavaThread "Monitor Deflation Thread" daemon [_thread_blocked, id=6172, stack(0x000000ca4f000000,0x000000ca4f100000)]
=>0x00000220a53bf190 JavaThread "C2 CompilerThread0" daemon [_thread_in_native, id=28404, stack(0x000000ca4f100000,0x000000ca4f200000)]
  0x00000220a53c2360 JavaThread "C1 CompilerThread0" daemon [_thread_blocked, id=30628, stack(0x000000ca4f200000,0x000000ca4f300000)]
  0x00000220a53ddf90 JavaThread "Sweeper thread" daemon [_thread_blocked, id=14116, stack(0x000000ca4f300000,0x000000ca4f400000)]
  0x00000220a609f230 JavaThread "Notification Thread" daemon [_thread_blocked, id=26796, stack(0x000000ca4f400000,0x000000ca4f500000)]
  0x00000220a60a00a0 JavaThread "Common-Cleaner" daemon [_thread_blocked, id=29768, stack(0x000000ca4f600000,0x000000ca4f700000)]
  0x00000220a609e3c0 JavaThread "Java2D Disposer" daemon [_thread_blocked, id=18032, stack(0x000000ca4f700000,0x000000ca4f800000)]
  0x00000220a609f700 JavaThread "AWT-Shutdown" [_thread_blocked, id=19548, stack(0x000000ca4f800000,0x000000ca4f900000)]
  0x00000220a60a0f10 JavaThread "AWT-Windows" daemon [_thread_in_native, id=17940, stack(0x000000ca4f900000,0x000000ca4fa00000)]
  0x00000220a609fbd0 JavaThread "AWT-EventQueue-0" [_thread_in_native, id=15620, stack(0x000000ca4fa00000,0x000000ca4fb00000)]
  0x00000220a60a1d80 JavaThread "DestroyJavaVM" [_thread_blocked, id=21716, stack(0x000000ca4e400000,0x000000ca4e500000)]
  0x00000220a60a13e0 JavaThread "TimerQueue" daemon [_thread_blocked, id=26004, stack(0x000000ca4fb00000,0x000000ca4fc00000)]

Other Threads:
  0x00000220a538e760 VMThread "VM Thread" [stack: 0x000000ca4ea00000,0x000000ca4eb00000] [id=25684]
  0x00000220a60a9bc0 WatcherThread [stack: 0x000000ca4f500000,0x000000ca4f600000] [id=29116]
  0x0000022087469ef0 GCTaskThread "GC Thread#0" [stack: 0x000000ca4e500000,0x000000ca4e600000] [id=29792]
  0x000002208747aed0 ConcurrentGCThread "G1 Main Marker" [stack: 0x000000ca4e600000,0x000000ca4e700000] [id=25960]
  0x000002208747b8e0 ConcurrentGCThread "G1 Conc#0" [stack: 0x000000ca4e700000,0x000000ca4e800000] [id=30616]
  0x00000220875064d0 ConcurrentGCThread "G1 Refine#0" [stack: 0x000000ca4e800000,0x000000ca4e900000] [id=8380]
  0x0000022087506ef0 ConcurrentGCThread "G1 Service" [stack: 0x000000ca4e900000,0x000000ca4ea00000] [id=26240]

Threads with active compile tasks:
C2 CompilerThread0   251108 1289       4       java.util.concurrent.ConcurrentHashMap::casTabAt (21 bytes)

VM state: not at safepoint (normal execution)

VM Mutex/Monitor currently owned by a thread: None

Heap address: 0x0000000083800000, size: 1992 MB, Compressed Oops mode: 32-bit

CDS archive(s) mapped at: [0x0000000800000000-0x0000000800bc0000-0x0000000800bc0000), size 12320768, SharedBaseAddress: 0x0000000800000000, ArchiveRelocationMode: 0.
Compressed class space mapped at: 0x0000000800c00000-0x0000000840c00000, reserved size: 1073741824
Narrow klass base: 0x0000000800000000, Narrow klass shift: 0, Narrow klass range: 0x100000000

GC Precious Log:
 CPUs: 8 total, 8 available
 Memory: 7967M
 Large Page Support: Disabled
 NUMA Support: Disabled
 Compressed Oops: Enabled (32-bit)
 Heap Region Size: 1M
 Heap Min Capacity: 8M
 Heap Initial Capacity: 126M
 Heap Max Capacity: 1992M
 Pre-touch: Disabled
 Parallel Workers: 8
 Concurrent Workers: 2
 Concurrent Refinement Workers: 8
 Periodic GC: Disabled

Heap:
 garbage-first heap   total 129024K, used 39936K [0x0000000083800000, 0x0000000100000000)
  region size 1024K, 23 young (23552K), 0 survivors (0K)
 Metaspace       used 8106K, committed 8384K, reserved 1056768K
  class space    used 887K, committed 1024K, reserved 1048576K

Heap Regions: E=young(eden), S=young(survivor), O=old, HS=humongous(starts), HC=humongous(continues), CS=collection set, F=free, OA=open archive, CA=closed archive, TAMS=top-at-mark-start (previous, next)
|   0|0x0000000083800000, 0x0000000083900000, 0x0000000083900000|100%|HS|  |TAMS 0x0000000083800000, 0x0000000083800000| Complete 
|   1|0x0000000083900000, 0x0000000083a00000, 0x0000000083a00000|100%|HC|  |TAMS 0x0000000083900000, 0x0000000083900000| Complete 
|   2|0x0000000083a00000, 0x0000000083b00000, 0x0000000083b00000|100%|HS|  |TAMS 0x0000000083a00000, 0x0000000083a00000| Complete 
|   3|0x0000000083b00000, 0x0000000083c00000, 0x0000000083c00000|100%|HC|  |TAMS 0x0000000083b00000, 0x0000000083b00000| Complete 
|   4|0x0000000083c00000, 0x0000000083d00000, 0x0000000083d00000|100%|HS|  |TAMS 0x0000000083c00000, 0x0000000083c00000| Complete 
|   5|0x0000000083d00000, 0x0000000083e00000, 0x0000000083e00000|100%|HC|  |TAMS 0x0000000083d00000, 0x0000000083d00000| Complete 
|   6|0x0000000083e00000, 0x0000000083f00000, 0x0000000083f00000|100%|HC|  |TAMS 0x0000000083e00000, 0x0000000083e00000| Complete 
|   7|0x0000000083f00000, 0x0000000084000000, 0x0000000084000000|100%|HC|  |TAMS 0x0000000083f00000, 0x0000000083f00000| Complete 
|   8|0x0000000084000000, 0x0000000084100000, 0x0000000084100000|100%|HC|  |TAMS 0x0000000084000000, 0x0000000084000000| Complete 
|   9|0x0000000084100000, 0x0000000084200000, 0x0000000084200000|100%|HC|  |TAMS 0x0000000084100000, 0x0000000084100000| Complete 
|  10|0x0000000084200000, 0x0000000084300000, 0x0000000084300000|100%|HC|  |TAMS 0x0000000084200000, 0x0000000084200000| Complete 
|  11|0x0000000084300000, 0x0000000084400000, 0x0000000084400000|100%|HC|  |TAMS 0x0000000084300000, 0x0000000084300000| Complete 
|  12|0x0000000084400000, 0x0000000084500000, 0x0000000084500000|100%|HC|  |TAMS 0x0000000084400000, 0x0000000084400000| Complete 
|  13|0x0000000084500000, 0x0000000084600000, 0x0000000084600000|100%|HS|  |TAMS 0x0000000084500000, 0x0000000084500000| Complete 
|  14|0x0000000084600000, 0x0000000084700000, 0x0000000084700000|100%|HC|  |TAMS 0x0000000084600000, 0x0000000084600000| Complete 
|  15|0x0000000084700000, 0x0000000084800000, 0x0000000084800000|100%|HS|  |TAMS 0x0000000084700000, 0x0000000084700000| Complete 
|  16|0x0000000084800000, 0x0000000084900000, 0x0000000084900000|100%|HC|  |TAMS 0x0000000084800000, 0x0000000084800000| Complete 
|  17|0x0000000084900000, 0x0000000084900000, 0x0000000084a00000|  0%| F|  |TAMS 0x0000000084900000, 0x0000000084900000| Untracked 
|  18|0x0000000084a00000, 0x0000000084a00000, 0x0000000084b00000|  0%| F|  |TAMS 0x0000000084a00000, 0x0000000084a00000| Untracked 
|  19|0x0000000084b00000, 0x0000000084b00000, 0x0000000084c00000|  0%| F|  |TAMS 0x0000000084b00000, 0x0000000084b00000| Untracked 
|  20|0x0000000084c00000, 0x0000000084c00000, 0x0000000084d00000|  0%| F|  |TAMS 0x0000000084c00000, 0x0000000084c00000| Untracked 
|  21|0x0000000084d00000, 0x0000000084d00000, 0x0000000084e00000|  0%| F|  |TAMS 0x0000000084d00000, 0x0000000084d00000| Untracked 
|  22|0x0000000084e00000, 0x0000000084e00000, 0x0000000084f00000|  0%| F|  |TAMS 0x0000000084e00000, 0x0000000084e00000| Untracked 
|  23|0x0000000084f00000, 0x0000000084f00000, 0x0000000085000000|  0%| F|  |TAMS 0x0000000084f00000, 0x0000000084f00000| Untracked 
|  24|0x0000000085000000, 0x0000000085000000, 0x0000000085100000|  0%| F|  |TAMS 0x0000000085000000, 0x0000000085000000| Untracked 
|  25|0x0000000085100000, 0x0000000085100000, 0x0000000085200000|  0%| F|  |TAMS 0x0000000085100000, 0x0000000085100000| Untracked 
|  26|0x0000000085200000, 0x0000000085200000, 0x0000000085300000|  0%| F|  |TAMS 0x0000000085200000, 0x0000000085200000| Untracked 
|  27|0x0000000085300000, 0x0000000085300000, 0x0000000085400000|  0%| F|  |TAMS 0x0000000085300000, 0x0000000085300000| Untracked 
|  28|0x0000000085400000, 0x0000000085400000, 0x0000000085500000|  0%| F|  |TAMS 0x0000000085400000, 0x0000000085400000| Untracked 
|  29|0x0000000085500000, 0x0000000085500000, 0x0000000085600000|  0%| F|  |TAMS 0x0000000085500000, 0x0000000085500000| Untracked 
|  30|0x0000000085600000, 0x0000000085600000, 0x0000000085700000|  0%| F|  |TAMS 0x0000000085600000, 0x0000000085600000| Untracked 
|  31|0x0000000085700000, 0x0000000085700000, 0x0000000085800000|  0%| F|  |TAMS 0x0000000085700000, 0x0000000085700000| Untracked 
|  32|0x0000000085800000, 0x0000000085800000, 0x0000000085900000|  0%| F|  |TAMS 0x0000000085800000, 0x0000000085800000| Untracked 
|  33|0x0000000085900000, 0x0000000085900000, 0x0000000085a00000|  0%| F|  |TAMS 0x0000000085900000, 0x0000000085900000| Untracked 
|  34|0x0000000085a00000, 0x0000000085a00000, 0x0000000085b00000|  0%| F|  |TAMS 0x0000000085a00000, 0x0000000085a00000| Untracked 
|  35|0x0000000085b00000, 0x0000000085b00000, 0x0000000085c00000|  0%| F|  |TAMS 0x0000000085b00000, 0x0000000085b00000| Untracked 
|  36|0x0000000085c00000, 0x0000000085c00000, 0x0000000085d00000|  0%| F|  |TAMS 0x0000000085c00000, 0x0000000085c00000| Untracked 
|  37|0x0000000085d00000, 0x0000000085d00000, 0x0000000085e00000|  0%| F|  |TAMS 0x0000000085d00000, 0x0000000085d00000| Untracked 
|  38|0x0000000085e00000, 0x0000000085e00000, 0x0000000085f00000|  0%| F|  |TAMS 0x0000000085e00000, 0x0000000085e00000| Untracked 
|  39|0x0000000085f00000, 0x0000000085f00000, 0x0000000086000000|  0%| F|  |TAMS 0x0000000085f00000, 0x0000000085f00000| Untracked 
|  40|0x0000000086000000, 0x0000000086000000, 0x0000000086100000|  0%| F|  |TAMS 0x0000000086000000, 0x0000000086000000| Untracked 
|  41|0x0000000086100000, 0x0000000086100000, 0x0000000086200000|  0%| F|  |TAMS 0x0000000086100000, 0x0000000086100000| Untracked 
|  42|0x0000000086200000, 0x0000000086200000, 0x0000000086300000|  0%| F|  |TAMS 0x0000000086200000, 0x0000000086200000| Untracked 
|  43|0x0000000086300000, 0x0000000086300000, 0x0000000086400000|  0%| F|  |TAMS 0x0000000086300000, 0x0000000086300000| Untracked 
|  44|0x0000000086400000, 0x0000000086400000, 0x0000000086500000|  0%| F|  |TAMS 0x0000000086400000, 0x0000000086400000| Untracked 
|  45|0x0000000086500000, 0x0000000086500000, 0x0000000086600000|  0%| F|  |TAMS 0x0000000086500000, 0x0000000086500000| Untracked 
|  46|0x0000000086600000, 0x0000000086600000, 0x0000000086700000|  0%| F|  |TAMS 0x0000000086600000, 0x0000000086600000| Untracked 
|  47|0x0000000086700000, 0x0000000086700000, 0x0000000086800000|  0%| F|  |TAMS 0x0000000086700000, 0x0000000086700000| Untracked 
|  48|0x0000000086800000, 0x0000000086800000, 0x0000000086900000|  0%| F|  |TAMS 0x0000000086800000, 0x0000000086800000| Untracked 
|  49|0x0000000086900000, 0x0000000086900000, 0x0000000086a00000|  0%| F|  |TAMS 0x0000000086900000, 0x0000000086900000| Untracked 
|  50|0x0000000086a00000, 0x0000000086a00000, 0x0000000086b00000|  0%| F|  |TAMS 0x0000000086a00000, 0x0000000086a00000| Untracked 
|  51|0x0000000086b00000, 0x0000000086b00000, 0x0000000086c00000|  0%| F|  |TAMS 0x0000000086b00000, 0x0000000086b00000| Untracked 
|  52|0x0000000086c00000, 0x0000000086c00000, 0x0000000086d00000|  0%| F|  |TAMS 0x0000000086c00000, 0x0000000086c00000| Untracked 
|  53|0x0000000086d00000, 0x0000000086d00000, 0x0000000086e00000|  0%| F|  |TAMS 0x0000000086d00000, 0x0000000086d00000| Untracked 
|  54|0x0000000086e00000, 0x0000000086e00000, 0x0000000086f00000|  0%| F|  |TAMS 0x0000000086e00000, 0x0000000086e00000| Untracked 
|  55|0x0000000086f00000, 0x0000000086f00000, 0x0000000087000000|  0%| F|  |TAMS 0x0000000086f00000, 0x0000000086f00000| Untracked 
|  56|0x0000000087000000, 0x0000000087000000, 0x0000000087100000|  0%| F|  |TAMS 0x0000000087000000, 0x0000000087000000| Untracked 
|  57|0x0000000087100000, 0x0000000087100000, 0x0000000087200000|  0%| F|  |TAMS 0x0000000087100000, 0x0000000087100000| Untracked 
|  58|0x0000000087200000, 0x0000000087200000, 0x0000000087300000|  0%| F|  |TAMS 0x0000000087200000, 0x0000000087200000| Untracked 
|  59|0x0000000087300000, 0x0000000087300000, 0x0000000087400000|  0%| F|  |TAMS 0x0000000087300000, 0x0000000087300000| Untracked 
|  60|0x0000000087400000, 0x0000000087400000, 0x0000000087500000|  0%| F|  |TAMS 0x0000000087400000, 0x0000000087400000| Untracked 
|  61|0x0000000087500000, 0x0000000087500000, 0x0000000087600000|  0%| F|  |TAMS 0x0000000087500000, 0x0000000087500000| Untracked 
|  62|0x0000000087600000, 0x0000000087600000, 0x0000000087700000|  0%| F|  |TAMS 0x0000000087600000, 0x0000000087600000| Untracked 
|  63|0x0000000087700000, 0x0000000087700000, 0x0000000087800000|  0%| F|  |TAMS 0x0000000087700000, 0x0000000087700000| Untracked 
|  64|0x0000000087800000, 0x0000000087800000, 0x0000000087900000|  0%| F|  |TAMS 0x0000000087800000, 0x0000000087800000| Untracked 
|  65|0x0000000087900000, 0x0000000087900000, 0x0000000087a00000|  0%| F|  |TAMS 0x0000000087900000, 0x0000000087900000| Untracked 
|  66|0x0000000087a00000, 0x0000000087a00000, 0x0000000087b00000|  0%| F|  |TAMS 0x0000000087a00000, 0x0000000087a00000| Untracked 
|  67|0x0000000087b00000, 0x0000000087b00000, 0x0000000087c00000|  0%| F|  |TAMS 0x0000000087b00000, 0x0000000087b00000| Untracked 
|  68|0x0000000087c00000, 0x0000000087c00000, 0x0000000087d00000|  0%| F|  |TAMS 0x0000000087c00000, 0x0000000087c00000| Untracked 
|  69|0x0000000087d00000, 0x0000000087d00000, 0x0000000087e00000|  0%| F|  |TAMS 0x0000000087d00000, 0x0000000087d00000| Untracked 
|  70|0x0000000087e00000, 0x0000000087e00000, 0x0000000087f00000|  0%| F|  |TAMS 0x0000000087e00000, 0x0000000087e00000| Untracked 
|  71|0x0000000087f00000, 0x0000000087f00000, 0x0000000088000000|  0%| F|  |TAMS 0x0000000087f00000, 0x0000000087f00000| Untracked 
|  72|0x0000000088000000, 0x0000000088000000, 0x0000000088100000|  0%| F|  |TAMS 0x0000000088000000, 0x0000000088000000| Untracked 
|  73|0x0000000088100000, 0x0000000088100000, 0x0000000088200000|  0%| F|  |TAMS 0x0000000088100000, 0x0000000088100000| Untracked 
|  74|0x0000000088200000, 0x0000000088200000, 0x0000000088300000|  0%| F|  |TAMS 0x0000000088200000, 0x0000000088200000| Untracked 
|  75|0x0000000088300000, 0x0000000088300000, 0x0000000088400000|  0%| F|  |TAMS 0x0000000088300000, 0x0000000088300000| Untracked 
|  76|0x0000000088400000, 0x0000000088400000, 0x0000000088500000|  0%| F|  |TAMS 0x0000000088400000, 0x0000000088400000| Untracked 
|  77|0x0000000088500000, 0x0000000088500000, 0x0000000088600000|  0%| F|  |TAMS 0x0000000088500000, 0x0000000088500000| Untracked 
|  78|0x0000000088600000, 0x0000000088600000, 0x0000000088700000|  0%| F|  |TAMS 0x0000000088600000, 0x0000000088600000| Untracked 
|  79|0x0000000088700000, 0x0000000088700000, 0x0000000088800000|  0%| F|  |TAMS 0x0000000088700000, 0x0000000088700000| Untracked 
|  80|0x0000000088800000, 0x0000000088800000, 0x0000000088900000|  0%| F|  |TAMS 0x0000000088800000, 0x0000000088800000| Untracked 
|  81|0x0000000088900000, 0x0000000088900000, 0x0000000088a00000|  0%| F|  |TAMS 0x0000000088900000, 0x0000000088900000| Untracked 
|  82|0x0000000088a00000, 0x0000000088a00000, 0x0000000088b00000|  0%| F|  |TAMS 0x0000000088a00000, 0x0000000088a00000| Untracked 
|  83|0x0000000088b00000, 0x0000000088b00000, 0x0000000088c00000|  0%| F|  |TAMS 0x0000000088b00000, 0x0000000088b00000| Untracked 
|  84|0x0000000088c00000, 0x0000000088c00000, 0x0000000088d00000|  0%| F|  |TAMS 0x0000000088c00000, 0x0000000088c00000| Untracked 
|  85|0x0000000088d00000, 0x0000000088d00000, 0x0000000088e00000|  0%| F|  |TAMS 0x0000000088d00000, 0x0000000088d00000| Untracked 
|  86|0x0000000088e00000, 0x0000000088e00000, 0x0000000088f00000|  0%| F|  |TAMS 0x0000000088e00000, 0x0000000088e00000| Untracked 
|  87|0x0000000088f00000, 0x0000000088f00000, 0x0000000089000000|  0%| F|  |TAMS 0x0000000088f00000, 0x0000000088f00000| Untracked 
|  88|0x0000000089000000, 0x0000000089000000, 0x0000000089100000|  0%| F|  |TAMS 0x0000000089000000, 0x0000000089000000| Untracked 
|  89|0x0000000089100000, 0x0000000089100000, 0x0000000089200000|  0%| F|  |TAMS 0x0000000089100000, 0x0000000089100000| Untracked 
|  90|0x0000000089200000, 0x0000000089200000, 0x0000000089300000|  0%| F|  |TAMS 0x0000000089200000, 0x0000000089200000| Untracked 
|  91|0x0000000089300000, 0x0000000089300000, 0x0000000089400000|  0%| F|  |TAMS 0x0000000089300000, 0x0000000089300000| Untracked 
|  92|0x0000000089400000, 0x0000000089400000, 0x0000000089500000|  0%| F|  |TAMS 0x0000000089400000, 0x0000000089400000| Untracked 
|  93|0x0000000089500000, 0x0000000089500000, 0x0000000089600000|  0%| F|  |TAMS 0x0000000089500000, 0x0000000089500000| Untracked 
|  94|0x0000000089600000, 0x0000000089600000, 0x0000000089700000|  0%| F|  |TAMS 0x0000000089600000, 0x0000000089600000| Untracked 
|  95|0x0000000089700000, 0x0000000089700000, 0x0000000089800000|  0%| F|  |TAMS 0x0000000089700000, 0x0000000089700000| Untracked 
|  96|0x0000000089800000, 0x0000000089800000, 0x0000000089900000|  0%| F|  |TAMS 0x0000000089800000, 0x0000000089800000| Untracked 
|  97|0x0000000089900000, 0x0000000089900000, 0x0000000089a00000|  0%| F|  |TAMS 0x0000000089900000, 0x0000000089900000| Untracked 
|  98|0x0000000089a00000, 0x0000000089a00000, 0x0000000089b00000|  0%| F|  |TAMS 0x0000000089a00000, 0x0000000089a00000| Untracked 
|  99|0x0000000089b00000, 0x0000000089b00000, 0x0000000089c00000|  0%| F|  |TAMS 0x0000000089b00000, 0x0000000089b00000| Untracked 
| 100|0x0000000089c00000, 0x0000000089c00000, 0x0000000089d00000|  0%| F|  |TAMS 0x0000000089c00000, 0x0000000089c00000| Untracked 
| 101|0x0000000089d00000, 0x0000000089d00000, 0x0000000089e00000|  0%| F|  |TAMS 0x0000000089d00000, 0x0000000089d00000| Untracked 
| 102|0x0000000089e00000, 0x0000000089e00000, 0x0000000089f00000|  0%| F|  |TAMS 0x0000000089e00000, 0x0000000089e00000| Untracked 
| 103|0x0000000089f00000, 0x0000000089f76448, 0x000000008a000000| 46%| E|  |TAMS 0x0000000089f00000, 0x0000000089f00000| Complete 
| 104|0x000000008a000000, 0x000000008a100000, 0x000000008a100000|100%| E|CS|TAMS 0x000000008a000000, 0x000000008a000000| Complete 
| 105|0x000000008a100000, 0x000000008a200000, 0x000000008a200000|100%| E|CS|TAMS 0x000000008a100000, 0x000000008a100000| Complete 
| 106|0x000000008a200000, 0x000000008a300000, 0x000000008a300000|100%| E|CS|TAMS 0x000000008a200000, 0x000000008a200000| Complete 
| 107|0x000000008a300000, 0x000000008a400000, 0x000000008a400000|100%| E|CS|TAMS 0x000000008a300000, 0x000000008a300000| Complete 
| 108|0x000000008a400000, 0x000000008a500000, 0x000000008a500000|100%| E|CS|TAMS 0x000000008a400000, 0x000000008a400000| Complete 
| 109|0x000000008a500000, 0x000000008a600000, 0x000000008a600000|100%| E|CS|TAMS 0x000000008a500000, 0x000000008a500000| Complete 
| 110|0x000000008a600000, 0x000000008a700000, 0x000000008a700000|100%| E|CS|TAMS 0x000000008a600000, 0x000000008a600000| Complete 
| 111|0x000000008a700000, 0x000000008a800000, 0x000000008a800000|100%| E|CS|TAMS 0x000000008a700000, 0x000000008a700000| Complete 
| 112|0x000000008a800000, 0x000000008a900000, 0x000000008a900000|100%| E|CS|TAMS 0x000000008a800000, 0x000000008a800000| Complete 
| 113|0x000000008a900000, 0x000000008aa00000, 0x000000008aa00000|100%| E|CS|TAMS 0x000000008a900000, 0x000000008a900000| Complete 
| 114|0x000000008aa00000, 0x000000008ab00000, 0x000000008ab00000|100%| E|CS|TAMS 0x000000008aa00000, 0x000000008aa00000| Complete 
| 115|0x000000008ab00000, 0x000000008ac00000, 0x000000008ac00000|100%| E|CS|TAMS 0x000000008ab00000, 0x000000008ab00000| Complete 
| 116|0x000000008ac00000, 0x000000008ad00000, 0x000000008ad00000|100%| E|CS|TAMS 0x000000008ac00000, 0x000000008ac00000| Complete 
| 117|0x000000008ad00000, 0x000000008ae00000, 0x000000008ae00000|100%| E|CS|TAMS 0x000000008ad00000, 0x000000008ad00000| Complete 
| 118|0x000000008ae00000, 0x000000008af00000, 0x000000008af00000|100%| E|CS|TAMS 0x000000008ae00000, 0x000000008ae00000| Complete 
| 119|0x000000008af00000, 0x000000008b000000, 0x000000008b000000|100%| E|CS|TAMS 0x000000008af00000, 0x000000008af00000| Complete 
| 120|0x000000008b000000, 0x000000008b100000, 0x000000008b100000|100%| E|CS|TAMS 0x000000008b000000, 0x000000008b000000| Complete 
| 121|0x000000008b100000, 0x000000008b200000, 0x000000008b200000|100%| E|CS|TAMS 0x000000008b100000, 0x000000008b100000| Complete 
| 122|0x000000008b200000, 0x000000008b300000, 0x000000008b300000|100%| E|CS|TAMS 0x000000008b200000, 0x000000008b200000| Complete 
| 123|0x000000008b300000, 0x000000008b400000, 0x000000008b400000|100%| E|CS|TAMS 0x000000008b300000, 0x000000008b300000| Complete 
| 124|0x000000008b400000, 0x000000008b500000, 0x000000008b500000|100%| E|CS|TAMS 0x000000008b400000, 0x000000008b400000| Complete 
| 125|0x000000008b500000, 0x000000008b600000, 0x000000008b600000|100%| E|CS|TAMS 0x000000008b500000, 0x000000008b500000| Complete 

Card table byte_map: [0x000002209e3b0000,0x000002209e7a0000] _byte_map_base: 0x000002209df94000

Marking Bits (Prev, Next): (CMBitMap*) 0x000002208746a500, (CMBitMap*) 0x000002208746a540
 Prev Bits: [0x000002209eb90000, 0x00000220a0ab0000)
 Next Bits: [0x00000220a0ab0000, 0x00000220a29d0000)

Polling page: 0x00000220853c0000

Metaspace:

Usage:
  Non-class:      7.05 MB used.
      Class:    887.43 KB used.
       Both:      7.92 MB used.

Virtual space:
  Non-class space:        8.00 MB reserved,       7.19 MB ( 90%) committed,  1 nodes.
      Class space:        1.00 GB reserved,       1.00 MB ( <1%) committed,  1 nodes.
             Both:        1.01 GB reserved,       8.19 MB ( <1%) committed. 

Chunk freelists:
   Non-Class:  508.00 KB
       Class:  3.05 MB
        Both:  3.55 MB

MaxMetaspaceSize: unlimited
CompressedClassSpaceSize: 1.00 GB
Initial GC threshold: 21.00 MB
Current GC threshold: 21.00 MB
CDS: on
MetaspaceReclaimPolicy: balanced
 - commit_granule_bytes: 65536.
 - commit_granule_words: 8192.
 - virtual_space_node_default_size: 1048576.
 - enlarge_chunks_in_place: 1.
 - new_chunks_are_fully_committed: 0.
 - uncommit_free_chunks: 1.
 - use_allocation_guard: 0.
 - handle_deallocations: 1.


Internal statistics:

num_allocs_failed_limit: 0.
num_arena_births: 114.
num_arena_deaths: 0.
num_vsnodes_births: 2.
num_vsnodes_deaths: 0.
num_space_committed: 131.
num_space_uncommitted: 0.
num_chunks_returned_to_freelist: 0.
num_chunks_taken_from_freelist: 164.
num_chunk_merges: 0.
num_chunk_splits: 89.
num_chunks_enlarged: 25.
num_purges: 0.
num_inconsistent_stats: 0.

CodeHeap 'non-profiled nmethods': size=120000Kb used=365Kb max_used=365Kb free=119634Kb
 bounds [0x0000022096760000, 0x00000220969d0000, 0x000002209dc90000]
CodeHeap 'profiled nmethods': size=120000Kb used=2311Kb max_used=2311Kb free=117688Kb
 bounds [0x000002208f230000, 0x000002208f4a0000, 0x0000022096760000]
CodeHeap 'non-nmethods': size=5760Kb used=1267Kb max_used=1299Kb free=4492Kb
 bounds [0x000002208ec90000, 0x000002208ef00000, 0x000002208f230000]
 total_blobs=1879 nmethods=1288 adapters=504
 compilation: enabled
              stopped_count=0, restarted_count=0
 full_count=0

Compilation events (20 events):
Event: 100.888 Thread 0x00000220a53c2360 nmethod 1278 0x000002208f46ee90 code [0x000002208f46f0e0, 0x000002208f46fd58]
Event: 100.888 Thread 0x00000220a53c2360 1279       3       java.lang.Math::min (45 bytes)
Event: 100.888 Thread 0x00000220a53c2360 nmethod 1279 0x000002208f470010 code [0x000002208f4701c0, 0x000002208f470518]
Event: 100.893 Thread 0x00000220a53c2360 1280       1       java.awt.AWTEvent::isConsumed (5 bytes)
Event: 100.893 Thread 0x00000220a53c2360 nmethod 1280 0x00000220967ba790 code [0x00000220967ba920, 0x00000220967ba9f8]
Event: 100.894 Thread 0x00000220a53c2360 1281       3       javax.swing.RepaintManager::currentManager (5 bytes)
Event: 100.894 Thread 0x00000220a53c2360 nmethod 1281 0x000002208f470590 code [0x000002208f470740, 0x000002208f4708d8]
Event: 100.894 Thread 0x00000220a53c2360 1282       3       javax.swing.RepaintManager::currentManager (7 bytes)
Event: 100.894 Thread 0x00000220a53c2360 nmethod 1282 0x000002208f470990 code [0x000002208f470b40, 0x000002208f470c78]
Event: 100.894 Thread 0x00000220a53c2360 1283  s    1       java.util.Vector::size (5 bytes)
Event: 100.894 Thread 0x00000220a53c2360 nmethod 1283 0x00000220967baa90 code [0x00000220967bac20, 0x00000220967bad98]
Event: 101.406 Thread 0x00000220a53c2360 1284       3       jdk.internal.misc.Unsafe::getFloat (7 bytes)
Event: 101.406 Thread 0x00000220a53c2360 nmethod 1284 0x000002208f470d10 code [0x000002208f470ea0, 0x000002208f470fb8]
Event: 101.406 Thread 0x00000220a53c2360 1288       1       java.awt.BasicStroke::getLineJoin (5 bytes)
Event: 101.406 Thread 0x00000220a53c2360 nmethod 1288 0x00000220967bb210 code [0x00000220967bb3a0, 0x00000220967bb478]
Event: 101.406 Thread 0x00000220a53c2360 1286       3       javax.swing.text.GapContent$StickyPosition::getOffset (8 bytes)
Event: 101.406 Thread 0x00000220a53c2360 nmethod 1286 0x000002208f471090 code [0x000002208f471240, 0x000002208f471388]
Event: 101.406 Thread 0x00000220a53c2360 1287       3       javax.swing.text.GapContent$MarkData::getOffset (46 bytes)
Event: 101.406 Thread 0x00000220a53c2360 nmethod 1287 0x000002208f471490 code [0x000002208f471640, 0x000002208f471898]
Event: 251.038 Thread 0x00000220a53bf190 1289       4       java.util.concurrent.ConcurrentHashMap::casTabAt (21 bytes)

GC Heap History (0 events):
No events

Deoptimization events (20 events):
Event: 0.679 Thread 0x00000220a60a13e0 DEOPT PACKING pc=0x000002208f321699 sp=0x000000ca4fbfe3d0
Event: 0.679 Thread 0x00000220a60a13e0 DEOPT UNPACKING pc=0x000002208ece2b43 sp=0x000000ca4fbfd860 mode 0
Event: 0.679 Thread 0x00000220a60a13e0 DEOPT PACKING pc=0x000002208f321699 sp=0x000000ca4fbfe3d0
Event: 0.679 Thread 0x00000220a60a13e0 DEOPT UNPACKING pc=0x000002208ece2b43 sp=0x000000ca4fbfd860 mode 0
Event: 0.680 Thread 0x00000220a60a13e0 DEOPT PACKING pc=0x000002208f321699 sp=0x000000ca4fbfe3d0
Event: 0.680 Thread 0x00000220a60a13e0 DEOPT UNPACKING pc=0x000002208ece2b43 sp=0x000000ca4fbfd860 mode 0
Event: 0.680 Thread 0x00000220a60a13e0 DEOPT PACKING pc=0x000002208f321699 sp=0x000000ca4fbfe3d0
Event: 0.680 Thread 0x00000220a60a13e0 DEOPT UNPACKING pc=0x000002208ece2b43 sp=0x000000ca4fbfd860 mode 0
Event: 0.680 Thread 0x00000220a60a13e0 DEOPT PACKING pc=0x000002208f321699 sp=0x000000ca4fbfe3d0
Event: 0.680 Thread 0x00000220a60a13e0 DEOPT UNPACKING pc=0x000002208ece2b43 sp=0x000000ca4fbfd860 mode 0
Event: 0.681 Thread 0x00000220a60a13e0 DEOPT PACKING pc=0x000002208f321699 sp=0x000000ca4fbfe3d0
Event: 0.681 Thread 0x00000220a60a13e0 DEOPT UNPACKING pc=0x000002208ece2b43 sp=0x000000ca4fbfd860 mode 0
Event: 0.681 Thread 0x00000220a60a13e0 DEOPT PACKING pc=0x000002208f321699 sp=0x000000ca4fbfe3d0
Event: 0.681 Thread 0x00000220a60a13e0 DEOPT UNPACKING pc=0x000002208ece2b43 sp=0x000000ca4fbfd860 mode 0
Event: 0.681 Thread 0x00000220a60a13e0 DEOPT PACKING pc=0x000002208f321699 sp=0x000000ca4fbfe3d0
Event: 0.681 Thread 0x00000220a60a13e0 DEOPT UNPACKING pc=0x000002208ece2b43 sp=0x000000ca4fbfd860 mode 0
Event: 7.407 Thread 0x00000220a609fbd0 Uncommon trap: trap_request=0xffffff45 fr.pc=0x00000220967a5e34 relative=0x00000000000000b4
Event: 7.407 Thread 0x00000220a609fbd0 Uncommon trap: reason=unstable_if action=reinterpret pc=0x00000220967a5e34 method=java.awt.Component.inside(II)Z @ 1 c2
Event: 7.407 Thread 0x00000220a609fbd0 DEOPT PACKING pc=0x00000220967a5e34 sp=0x000000ca4fafe770
Event: 7.407 Thread 0x00000220a609fbd0 DEOPT UNPACKING pc=0x000002208ece23a3 sp=0x000000ca4fafe610 mode 2

Classes unloaded (0 events):
No events

Classes redefined (0 events):
No events

Internal exceptions (13 events):
Event: 0.156 Thread 0x0000022085309fd0 Exception <a 'java/lang/ClassNotFoundException'{0x000000008b46c660}: sun/awt/resources/spi/awtProvider> (0x000000008b46c660) 
thrown [t:\workspace\open\src\hotspot\share\classfile\systemDictionary.cpp, line 256]
Event: 0.172 Thread 0x0000022085309fd0 Exception <a 'java/io/FileNotFoundException'{0x000000008b4c6348}> (0x000000008b4c6348) 
thrown [t:\workspace\open\src\hotspot\share\prims\jni.cpp, line 516]
Event: 0.177 Thread 0x0000022085309fd0 Exception <a 'java/io/FileNotFoundException'{0x000000008b4f3528}> (0x000000008b4f3528) 
thrown [t:\workspace\open\src\hotspot\share\prims\jni.cpp, line 516]
Event: 0.204 Thread 0x0000022085309fd0 Exception <a 'java/lang/NoSuchMethodError'{0x000000008b333748}: 'java.lang.Object java.lang.invoke.DirectMethodHandle$Holder.invokeStaticInit(java.lang.Object)'> (0x000000008b333748) 
thrown [t:\workspace\open\src\hotspot\share\interpreter\linkResolver.cpp, line 766]
Event: 0.357 Thread 0x0000022085309fd0 Exception <a 'java/lang/NoSuchMethodError'{0x000000008b3f3430}: 'void java.lang.invoke.DirectMethodHandle$Holder.invokeSpecial(java.lang.Object, java.lang.Object, java.lang.Object)'> (0x000000008b3f3430) 
thrown [t:\workspace\open\src\hotspot\share\interpreter\linkResolver.cpp, line 766]
Event: 0.362 Thread 0x0000022085309fd0 Exception <a 'java/lang/NoSuchMethodError'{0x000000008b21da40}: 'java.lang.Object java.lang.invoke.DirectMethodHandle$Holder.newInvokeSpecial(java.lang.Object, java.lang.Object, java.lang.Object, java.lang.Object, java.lang.Object)'> (0x000000008b21da40) 
thrown [t:\workspace\open\src\hotspot\share\interpreter\linkResolver.cpp, line 766]
Event: 0.364 Thread 0x0000022085309fd0 Exception <a 'java/lang/NoSuchMethodError'{0x000000008b229408}: 'java.lang.Object java.lang.invoke.DirectMethodHandle$Holder.invokeStatic(java.lang.Object, int, java.lang.Object, java.lang.Object, java.lang.Object, java.lang.Object)'> (0x000000008b229408) 
thrown [t:\workspace\open\src\hotspot\share\interpreter\linkResolver.cpp, line 766]
Event: 0.368 Thread 0x0000022085309fd0 Exception <a 'java/lang/NoSuchMethodError'{0x000000008b24ebc8}: 'java.lang.Object java.lang.invoke.DirectMethodHandle$Holder.invokeStatic(java.lang.Object, int, java.lang.Object)'> (0x000000008b24ebc8) 
thrown [t:\workspace\open\src\hotspot\share\interpreter\linkResolver.cpp, line 766]
Event: 0.385 Thread 0x0000022085309fd0 Exception <a 'java/lang/ClassNotFoundException'{0x000000008b106c28}: com/sun/swing/internal/plaf/metal/resources/spi/metalProvider> (0x000000008b106c28) 
thrown [t:\workspace\open\src\hotspot\share\classfile\systemDictionary.cpp, line 256]
Event: 0.385 Thread 0x0000022085309fd0 Exception <a 'java/lang/ClassNotFoundException'{0x000000008b10ab00}: com/sun/swing/internal/plaf/basic/resources/spi/basicProvider> (0x000000008b10ab00) 
thrown [t:\workspace\open\src\hotspot\share\classfile\systemDictionary.cpp, line 256]
Event: 0.419 Thread 0x00000220a60a0f10 Exception <a 'java/lang/NoSuchMethodError'{0x000000008b3865e8}: 'void java.lang.invoke.DirectMethodHandle$Holder.invokeVirtual(java.lang.Object, java.lang.Object)'> (0x000000008b3865e8) 
thrown [t:\workspace\open\src\hotspot\share\interpreter\linkResolver.cpp, line 766]
Event: 0.429 Thread 0x0000022085309fd0 Exception <a 'java/lang/NoSuchMethodError'{0x000000008b171e90}: 'void java.lang.invoke.DirectMethodHandle$Holder.invokeStaticInit(java.lang.Object)'> (0x000000008b171e90) 
thrown [t:\workspace\open\src\hotspot\share\interpreter\linkResolver.cpp, line 766]
Event: 0.491 Thread 0x00000220a60a13e0 Exception <a 'java/lang/NoSuchMethodError'{0x000000008b0892f8}: 'java.lang.Object java.lang.invoke.DirectMethodHandle$Holder.newInvokeSpecial(java.lang.Object, java.lang.Object, java.lang.Object, int, int, int, int, int)'> (0x000000008b0892f8) 
thrown [t:\workspace\open\src\hotspot\share\interpreter\linkResolver.cpp, line 766]

VM Operations (20 events):
Event: 14.767 Executing VM operation: Cleanup
Event: 14.768 Executing VM operation: Cleanup done
Event: 17.798 Executing VM operation: Cleanup
Event: 17.798 Executing VM operation: Cleanup done
Event: 21.838 Executing VM operation: Cleanup
Event: 21.838 Executing VM operation: Cleanup done
Event: 36.971 Executing VM operation: Cleanup
Event: 36.971 Executing VM operation: Cleanup done
Event: 37.980 Executing VM operation: Cleanup
Event: 37.980 Executing VM operation: Cleanup done
Event: 38.992 Executing VM operation: Cleanup
Event: 38.992 Executing VM operation: Cleanup done
Event: 39.999 Executing VM operation: Cleanup
Event: 39.999 Executing VM operation: Cleanup done
Event: 41.007 Executing VM operation: Cleanup
Event: 41.008 Executing VM operation: Cleanup done
Event: 44.032 Executing VM operation: Cleanup
Event: 44.032 Executing VM operation: Cleanup done
Event: 101.576 Executing VM operation: Cleanup
Event: 101.576 Executing VM operation: Cleanup done

Events (20 events):
Event: 8.530 loading class javax/swing/TimerQueue done
Event: 8.531 loading class java/util/concurrent/DelayQueue
Event: 8.531 loading class java/util/concurrent/BlockingQueue
Event: 8.531 loading class java/util/concurrent/BlockingQueue done
Event: 8.531 loading class java/util/concurrent/DelayQueue done
Event: 8.531 loading class java/util/PriorityQueue
Event: 8.531 loading class java/util/PriorityQueue done
Event: 8.532 Thread 0x00000220a60a13e0 Thread added: 0x00000220a60a13e0
Event: 8.532 loading class javax/swing/TimerQueue$DelayedTimer
Event: 8.532 loading class java/util/concurrent/Delayed
Event: 8.532 loading class java/util/concurrent/Delayed done
Event: 8.532 loading class javax/swing/TimerQueue$DelayedTimer done
Event: 8.532 loading class java/util/concurrent/TimeUnit$1
Event: 8.533 loading class java/util/concurrent/TimeUnit$1 done
Event: 9.048 loading class javax/swing/Timer$1
Event: 9.049 loading class javax/swing/Timer$1 done
Event: 101.991 loading class java/awt/KeyboardFocusManager$2
Event: 101.991 loading class java/awt/KeyboardFocusManager$2 done
Event: 101.991 loading class sun/awt/SunToolkit$1
Event: 101.991 loading class sun/awt/SunToolkit$1 done


Dynamic libraries:
0x00007ff627340000 - 0x00007ff627350000 	C:\Program Files\Java\jdk-17.0.2\bin\javaw.exe
0x00007ffb45400000 - 0x00007ffb45609000 	C:\WINDOWS\SYSTEM32\ntdll.dll
0x00007ffb43a90000 - 0x00007ffb43b4d000 	C:\WINDOWS\System32\KERNEL32.DLL
0x00007ffb42ad0000 - 0x00007ffb42e49000 	C:\WINDOWS\System32\KERNELBASE.dll
0x00007ffb42ef0000 - 0x00007ffb43001000 	C:\WINDOWS\System32\ucrtbase.dll
0x00007ffaf4940000 - 0x00007ffaf4958000 	C:\Program Files\Java\jdk-17.0.2\bin\jli.dll
0x00007ffaf47f0000 - 0x00007ffaf480a000 	C:\Program Files\Java\jdk-17.0.2\bin\VCRUNTIME140.dll
0x00007ffb436e0000 - 0x00007ffb4378e000 	C:\WINDOWS\System32\ADVAPI32.dll
0x00007ffb44d10000 - 0x00007ffb44db3000 	C:\WINDOWS\System32\msvcrt.dll
0x00007ffb43810000 - 0x00007ffb438ae000 	C:\WINDOWS\System32\sechost.dll
0x00007ffb43390000 - 0x00007ffb434b0000 	C:\WINDOWS\System32\RPCRT4.dll
0x00007ffb43bf0000 - 0x00007ffb43d9c000 	C:\WINDOWS\System32\USER32.dll
0x00007ffb430d0000 - 0x00007ffb430f6000 	C:\WINDOWS\System32\win32u.dll
0x00007ffb22bd0000 - 0x00007ffb22e75000 	C:\WINDOWS\WinSxS\amd64_microsoft.windows.common-controls_6595b64144ccf1df_6.0.22000.120_none_9d947278b86cc467\COMCTL32.dll
0x00007ffb44dc0000 - 0x00007ffb44de9000 	C:\WINDOWS\System32\GDI32.dll
0x00007ffb43180000 - 0x00007ffb43292000 	C:\WINDOWS\System32\gdi32full.dll
0x00007ffb42e50000 - 0x00007ffb42eed000 	C:\WINDOWS\System32\msvcp_win.dll
0x00007ffb39e70000 - 0x00007ffb39e7a000 	C:\WINDOWS\SYSTEM32\VERSION.dll
0x00007ffb43bb0000 - 0x00007ffb43be1000 	C:\WINDOWS\System32\IMM32.DLL
0x00007ffaf4930000 - 0x00007ffaf493c000 	C:\Program Files\Java\jdk-17.0.2\bin\vcruntime140_1.dll
0x00007ffaaab20000 - 0x00007ffaaabad000 	C:\Program Files\Java\jdk-17.0.2\bin\msvcp140.dll
0x00007ffaa85b0000 - 0x00007ffaa9171000 	C:\Program Files\Java\jdk-17.0.2\bin\server\jvm.dll
0x00007ffb44550000 - 0x00007ffb44558000 	C:\WINDOWS\System32\PSAPI.DLL
0x00007ffb3b6f0000 - 0x00007ffb3b723000 	C:\WINDOWS\SYSTEM32\WINMM.dll
0x00007ffaf47e0000 - 0x00007ffaf47e9000 	C:\WINDOWS\SYSTEM32\WSOCK32.dll
0x00007ffb452f0000 - 0x00007ffb4535f000 	C:\WINDOWS\System32\WS2_32.dll
0x00007ffb41ae0000 - 0x00007ffb41af8000 	C:\WINDOWS\SYSTEM32\kernel.appcore.dll
0x00007ffaf4790000 - 0x00007ffaf479a000 	C:\Program Files\Java\jdk-17.0.2\bin\jimage.dll
0x00007ffb3ff60000 - 0x00007ffb40181000 	C:\WINDOWS\SYSTEM32\DBGHELP.DLL
0x00007ffb32fe0000 - 0x00007ffb33011000 	C:\WINDOWS\SYSTEM32\dbgcore.DLL
0x00007ffb43100000 - 0x00007ffb4317f000 	C:\WINDOWS\System32\bcryptPrimitives.dll
0x00007ffaf4760000 - 0x00007ffaf4785000 	C:\Program Files\Java\jdk-17.0.2\bin\java.dll
0x00007ffaaaa40000 - 0x00007ffaaab16000 	C:\Program Files\Java\jdk-17.0.2\bin\jsvml.dll
0x00007ffb44560000 - 0x00007ffb44d0f000 	C:\WINDOWS\System32\SHELL32.dll
0x00007ffb40a30000 - 0x00007ffb41298000 	C:\WINDOWS\SYSTEM32\windows.storage.dll
0x00007ffb43da0000 - 0x00007ffb44118000 	C:\WINDOWS\System32\combase.dll
0x00007ffb408c0000 - 0x00007ffb40a26000 	C:\WINDOWS\SYSTEM32\wintypes.dll
0x00007ffb432a0000 - 0x00007ffb4338a000 	C:\WINDOWS\System32\SHCORE.dll
0x00007ffb45360000 - 0x00007ffb453bd000 	C:\WINDOWS\System32\shlwapi.dll
0x00007ffb42820000 - 0x00007ffb42841000 	C:\WINDOWS\SYSTEM32\profapi.dll
0x00007ffaf4740000 - 0x00007ffaf4759000 	C:\Program Files\Java\jdk-17.0.2\bin\net.dll
0x00007ffb3cd20000 - 0x00007ffb3ce2c000 	C:\WINDOWS\SYSTEM32\WINHTTP.dll
0x00007ffb41f10000 - 0x00007ffb41f77000 	C:\WINDOWS\system32\mswsock.dll
0x00007ffaaaa20000 - 0x00007ffaaaa36000 	C:\Program Files\Java\jdk-17.0.2\bin\nio.dll
0x00007ffaaaa00000 - 0x00007ffaaaa18000 	C:\Program Files\Java\jdk-17.0.2\bin\zip.dll
0x00007ffaa6250000 - 0x00007ffaa63df000 	C:\Program Files\Java\jdk-17.0.2\bin\awt.dll
0x00007ffb442b0000 - 0x00007ffb44386000 	C:\WINDOWS\System32\OLEAUT32.dll
0x00007ffb3fa90000 - 0x00007ffb3fb21000 	C:\WINDOWS\SYSTEM32\apphelp.dll
0x00007ffb40190000 - 0x00007ffb401bf000 	C:\WINDOWS\system32\DWMAPI.DLL
0x00007ffb3fb80000 - 0x00007ffb3fc2c000 	C:\WINDOWS\system32\uxtheme.dll
0x00007ffb17030000 - 0x00007ffb17131000 	C:\WINDOWS\system32\opengl32.dll
0x00007ffb16fc0000 - 0x00007ffb16fed000 	C:\WINDOWS\SYSTEM32\GLU32.dll
0x00007ffb3fe30000 - 0x00007ffb3fe68000 	C:\WINDOWS\SYSTEM32\dxcore.dll
0x00007ffac8ff0000 - 0x00007ffac9121000 	C:\ProgramData\A-Volute\DellInc.AlienwareSoundCenter\Modules\ScheduledModules\x64\AudioDevProps2.dll
0x00007ffb443b0000 - 0x00007ffb4454a000 	C:\WINDOWS\System32\ole32.dll
0x00007ffb34450000 - 0x00007ffb344fe000 	C:\ProgramData\A-Volute\DellInc.AlienwareSoundCenter\Modules\ScheduledModules\x64\NahimicOSD.dll
0x00007ffb16bc0000 - 0x00007ffb16be1000 	C:\ProgramData\A-Volute\DellInc.AlienwareSoundCenter\Modules\ScheduledModules\x64\ProductInfo.dll
0x00007ffb43970000 - 0x00007ffb43a8e000 	C:\WINDOWS\System32\MSCTF.dll
0x00007ffaa6470000 - 0x00007ffaa64f9000 	C:\Program Files\Java\jdk-17.0.2\bin\freetype.dll
0x00007ffaa61a0000 - 0x00007ffaa6248000 	C:\Program Files\Java\jdk-17.0.2\bin\fontmanager.dll
0x00007ffb18760000 - 0x00007ffb1888d000 	C:\WINDOWS\SYSTEM32\textinputframework.dll
0x00007ffb3c8c0000 - 0x00007ffb3c8ed000 	C:\Program Files\Java\jdk-17.0.2\bin\javajpeg.dll
0x00007ffb3f6e0000 - 0x00007ffb3f812000 	C:\WINDOWS\SYSTEM32\CoreMessaging.dll
0x00007ffb3ba40000 - 0x00007ffb3bdad000 	C:\WINDOWS\SYSTEM32\CoreUIComponents.dll
0x00007ffb42170000 - 0x00007ffb4217c000 	C:\WINDOWS\SYSTEM32\CRYPTBASE.DLL
0x00007ffb438b0000 - 0x00007ffb4395f000 	C:\WINDOWS\System32\clbcatq.dll
0x00007ffb3a730000 - 0x00007ffb3a8de000 	C:\WINDOWS\SYSTEM32\WindowsCodecs.dll
0x00007ffb0ba70000 - 0x00007ffb0bacd000 	C:\WINDOWS\system32\dataexchange.dll
0x00007ffb396f0000 - 0x00007ffb39956000 	C:\WINDOWS\system32\twinapi.appcore.dll

dbghelp: loaded successfully - version: 4.0.5 - missing functions: none
symbol engine: initialized successfully - sym options: 0x614 - pdb path: .;C:\Program Files\Java\jdk-17.0.2\bin;C:\WINDOWS\SYSTEM32;C:\WINDOWS\WinSxS\amd64_microsoft.windows.common-controls_6595b64144ccf1df_6.0.22000.120_none_9d947278b86cc467;C:\Program Files\Java\jdk-17.0.2\bin\server;C:\ProgramData\A-Volute\DellInc.AlienwareSoundCenter\Modules\ScheduledModules\x64

VM Arguments:
jvm_args: -Dfile.encoding=Cp1252 -XX:+ShowCodeDetailsInExceptionMessages 
java_command: proyecto.login
java_class_path (initial): C:\Users\madel\eclipse-workspace\Sistemadeventas\bin;C:\Users\madel\eclipse-workspace\Sistemadeventas\Libreria\gson-2.8.5.jar;C:\Users\madel\eclipse-workspace\Sistemadeventas\Libreria\json-simple-1.1.1.jar;C:\Users\madel\eclipse-workspace\Sistemadeventas\Libreria\itextpdf-5.4.0.jar
Launcher Type: SUN_STANDARD

[Global flags]
     intx CICompilerCount                          = 4                                         {product} {ergonomic}
     uint ConcGCThreads                            = 2                                         {product} {ergonomic}
     uint G1ConcRefinementThreads                  = 8                                         {product} {ergonomic}
   size_t G1HeapRegionSize                         = 1048576                                   {product} {ergonomic}
    uintx GCDrainStackTargetSize                   = 64                                        {product} {ergonomic}
   size_t InitialHeapSize                          = 132120576                                 {product} {ergonomic}
   size_t MarkStackSize                            = 4194304                                   {product} {ergonomic}
   size_t MaxHeapSize                              = 2088763392                                {product} {ergonomic}
   size_t MaxNewSize                               = 1253048320                                {product} {ergonomic}
   size_t MinHeapDeltaBytes                        = 1048576                                   {product} {ergonomic}
   size_t MinHeapSize                              = 8388608                                   {product} {ergonomic}
    uintx NonNMethodCodeHeapSize                   = 5839372                                {pd product} {ergonomic}
    uintx NonProfiledCodeHeapSize                  = 122909434                              {pd product} {ergonomic}
    uintx ProfiledCodeHeapSize                     = 122909434                              {pd product} {ergonomic}
    uintx ReservedCodeCacheSize                    = 251658240                              {pd product} {ergonomic}
     bool SegmentedCodeCache                       = true                                      {product} {ergonomic}
     bool ShowCodeDetailsInExceptionMessages       = true                                   {manageable} {command line}
   size_t SoftMaxHeapSize                          = 2088763392                             {manageable} {ergonomic}
     bool UseCompressedClassPointers               = true                           {product lp64_product} {ergonomic}
     bool UseCompressedOops                        = true                           {product lp64_product} {ergonomic}
     bool UseG1GC                                  = true                                      {product} {ergonomic}
     bool UseLargePagesIndividualAllocation        = false                                  {pd product} {ergonomic}

Logging:
Log output configuration:
 #0: stdout all=warning uptime,level,tags
 #1: stderr all=off uptime,level,tags

Environment Variables:
JAVA_HOME=C:\Program Files\Java\jdk-17.0.2
PATH=C:\Program Files\Common Files\Oracle\Java\javapath;C:\Windows\system32;C:\Windows;C:\Windows\System32\Wbem;C:\Windows\System32\WindowsPowerShell\v1.0\;C:\Windows\System32\OpenSSH\;C:\Program Files (x86)\NVIDIA Corporation\PhysX\Common;C:\Program Files\NVIDIA Corporation\NVIDIA NvDLISR;C:\Program Files\Java\jdk-17.0.2\bin;;C:\WINDOWS\system32;C:\WINDOWS;C:\WINDOWS\System32\Wbem;C:\WINDOWS\System32\WindowsPowerShell\v1.0\;C:\WINDOWS\System32\OpenSSH\;C:\Program Files\dotnet\;C:\Users\madel\AppData\Local\Microsoft\WindowsApps;;C:\Users\madel\AppData\Local\Programs\Microsoft VS Code\bin
USERNAME=madel
OS=Windows_NT
PROCESSOR_IDENTIFIER=Intel64 Family 6 Model 165 Stepping 2, GenuineIntel



---------------  S Y S T E M  ---------------

OS:
 Windows 11 , 64 bit Build 22000 (10.0.22000.675)
OS uptime: 0 days 2:30 hours

CPU: total 8 (initial active 8) (4 cores per cpu, 2 threads per core) family 6 model 165 stepping 2 microcode 0xf0, cx8, cmov, fxsr, ht, mmx, 3dnowpref, sse, sse2, sse3, ssse3, sse4.1, sse4.2, popcnt, lzcnt, tsc, tscinvbit, avx, avx2, aes, erms, clmul, bmi1, bmi2, adx, fma, vzeroupper, clflush, clflushopt

Memory: 4k page, system-wide physical 7967M (291M free)
TotalPageFile size 32543M (AvailPageFile size 12M)
current process WorkingSet (physical memory assigned to process): 97M, peak: 97M
current process commit charge ("private bytes"): 228M, peak: 229M

vm_info: Java HotSpot(TM) 64-Bit Server VM (17.0.2+8-LTS-86) for windows-amd64 JRE (17.0.2+8-LTS-86), built on Dec  7 2021 21:51:03 by "mach5one" with MS VC++ 16.8 / 16.9 (VS2019)

END.
